\BOOKMARK [1][-]{section.1}{Introduction}{}% 1
\BOOKMARK [1][-]{section.2}{Review}{}% 2
\BOOKMARK [1][-]{section.3}{Requirements and design}{}% 3
\BOOKMARK [1][-]{section.4}{Implementation}{}% 4
\BOOKMARK [2][-]{subsection.4.1}{Desktop: UI and each function}{section.4}% 5
\BOOKMARK [3][-]{subsubsection.4.1.1}{Refresh}{subsection.4.1}% 6
\BOOKMARK [3][-]{subsubsection.4.1.2}{Search}{subsection.4.1}% 7
\BOOKMARK [3][-]{subsubsection.4.1.3}{Upload}{subsection.4.1}% 8
\BOOKMARK [3][-]{subsubsection.4.1.4}{Delete and Download Page}{subsection.4.1}% 9
\BOOKMARK [3][-]{subsubsection.4.1.5}{Rename}{subsection.4.1}% 10
\BOOKMARK [3][-]{subsubsection.4.1.6}{Revert}{subsection.4.1}% 11
\BOOKMARK [2][-]{subsection.4.2}{Mobile: UI and Each Function}{section.4}% 12
\BOOKMARK [3][-]{subsubsection.4.2.1}{The UI Component}{subsection.4.2}% 13
\BOOKMARK [3][-]{subsubsection.4.2.2}{The HTTP Request and Interfaces with The Backend}{subsection.4.2}% 14
\BOOKMARK [3][-]{subsubsection.4.2.3}{Upload Function}{subsection.4.2}% 15
\BOOKMARK [3][-]{subsubsection.4.2.4}{Get File List Function}{subsection.4.2}% 16
\BOOKMARK [3][-]{subsubsection.4.2.5}{File Detail Function}{subsection.4.2}% 17
\BOOKMARK [3][-]{subsubsection.4.2.6}{MySharedPreferences}{subsection.4.2}% 18
\BOOKMARK [3][-]{subsubsection.4.2.7}{Testing}{subsection.4.2}% 19
\BOOKMARK [2][-]{subsection.4.3}{Back-end}{section.4}% 20
\BOOKMARK [3][-]{subsubsection.4.3.1}{Design}{subsection.4.3}% 21
\BOOKMARK [3][-]{subsubsection.4.3.2}{Implementation}{subsection.4.3}% 22
\BOOKMARK [3][-]{subsubsection.4.3.3}{Testing}{subsection.4.3}% 23
\BOOKMARK [2][-]{subsection.4.4}{The joint testing}{section.4}% 24
\BOOKMARK [1][-]{section.5}{Teamwork}{}% 25
\BOOKMARK [1][-]{section.6}{Evaluation}{}% 26
\BOOKMARK [1][-]{section.7}{Peer Assessment}{}% 27
